Unity Editor version:    6000.0.59f2 (ef281c76c3c1)
Branch:                  6000.0/respin/6000.0.59f1-063c55f2fd0f
Build type:              Release
Batch mode:              YES
macOS version:           Version 26.2 (Build 25C56)
Darwin version:          25.2.0
Architecture:            arm64
Running under Rosetta:   NO
Available memory:        8192 MB
Using pre-set license

COMMAND LINE ARGUMENTS:
/Applications/Unity/Hub/Editor/6000.0.59f2/Unity.app/Contents/MacOS/Unity
-adb2
-batchMode
-noUpm
-name
AssetImportWorker0
-projectPath
/Users/Aaron/projects/github/Unity/Unity-Wiimote
-logFile
Logs/AssetImportWorker0.log
-srvPort
50273
-job-worker-count
3
-background-job-worker-count
8
-gc-helper-count
1
-name AssetImport
Successfully changed project path to: /Users/Aaron/projects/github/Unity/Unity-Wiimote
/Users/Aaron/projects/github/Unity/Unity-Wiimote
[UnityMemory] Configuration Parameters - Can be set up in boot.config
    "memorysetup-bucket-allocator-granularity=16"
    "memorysetup-bucket-allocator-bucket-count=8"
    "memorysetup-bucket-allocator-block-size=33554432"
    "memorysetup-bucket-allocator-block-count=8"
    "memorysetup-main-allocator-block-size=16777216"
    "memorysetup-thread-allocator-block-size=16777216"
    "memorysetup-gfx-main-allocator-block-size=16777216"
    "memorysetup-gfx-thread-allocator-block-size=16777216"
    "memorysetup-cache-allocator-block-size=4194304"
    "memorysetup-typetree-allocator-block-size=2097152"
    "memorysetup-profiler-bucket-allocator-granularity=16"
    "memorysetup-profiler-bucket-allocator-bucket-count=8"
    "memorysetup-profiler-bucket-allocator-block-size=33554432"
    "memorysetup-profiler-bucket-allocator-block-count=8"
    "memorysetup-profiler-allocator-block-size=16777216"
    "memorysetup-profiler-editor-allocator-block-size=1048576"
    "memorysetup-temp-allocator-size-main=16777216"
    "memorysetup-job-temp-allocator-block-size=2097152"
    "memorysetup-job-temp-allocator-block-size-background=1048576"
    "memorysetup-job-temp-allocator-reduction-small-platforms=262144"
    "memorysetup-allocator-temp-initial-block-size-main=262144"
    "memorysetup-allocator-temp-initial-block-size-worker=262144"
    "memorysetup-temp-allocator-size-background-worker=32768"
    "memorysetup-temp-allocator-size-job-worker=262144"
    "memorysetup-temp-allocator-size-preload-manager=33554432"
    "memorysetup-temp-allocator-size-nav-mesh-worker=65536"
    "memorysetup-temp-allocator-size-audio-worker=65536"
    "memorysetup-temp-allocator-size-cloud-worker=32768"
    "memorysetup-temp-allocator-size-gi-baking-worker=262144"
    "memorysetup-temp-allocator-size-gi-baking-worker=262144"
    "memorysetup-temp-allocator-size-gi-baking-worker=262144"
    "memorysetup-temp-allocator-size-gi-baking-worker=262144"
    "memorysetup-temp-allocator-size-gi-baking-worker=262144"
    "memorysetup-temp-allocator-size-gfx=262144"
Player connection [8526425152]  Target information:

Player connection [8526425152]  * "[IP] 172.23.194.37 [Port] 0 [Flags] 2 [Guid] 3472194613 [EditorId] 3472194613 [Version] 1048832 [Id] OSXEditor(0,eduroam-194-37.nomadic.bris.ac.uk) [Debug] 1 [PackageName] OSXEditor [ProjectName] Editor" 

Player connection [8526425152] Host joined multi-casting on [225.0.0.222:54997]...
Player connection [8526425152] Host joined alternative multi-casting on [225.0.0.222:34997]...
JobSystem: Creating JobQueue using job-worker-count value 3
Input System module state changed to: Initialized.
[Physics::Module] Initialized fallback backend.
[Physics::Module] Id: 0xdecafbad
Library Redirect Path: Library/
[Physics::Module] Selected backend.
[Physics::Module] Name: PhysX
[Physics::Module] Id: 0xf2b8ea05
[Physics::Module] SDK Version: 4.1.2
[Physics::Module] Integration Version: 1.0.0
[Physics::Module] Threading Mode: Multi-Threaded
Refreshing native plugins compatible for Editor in 2.45 ms, found 1 plugins.
Preloading 0 native plugins for Editor in 0.00 ms.
Initialize engine version: 6000.0.59f2 (ef281c76c3c1)
[Subsystems] Discovering subsystems at path /Applications/Unity/Hub/Editor/6000.0.59f2/Unity.app/Contents/Resources/UnitySubsystems
[Subsystems] Discovering subsystems at path /Users/Aaron/projects/github/Unity/Unity-Wiimote/Assets
GfxDevice: creating device client; kGfxThreadingModeNonThreaded
 preferred device: Apple M2 (high power)
Metal devices available: 1
0: Apple M2 (high power)
Using device Apple M2 (high power)
Initializing Metal device caps: Apple M2
Initialize mono
Mono path[0] = '/Applications/Unity/Hub/Editor/6000.0.59f2/Unity.app/Contents/Managed'
Mono path[1] = '/Applications/Unity/Hub/Editor/6000.0.59f2/Unity.app/Contents/MonoBleedingEdge/lib/mono/unityjit-macos'
Mono config path = '/Applications/Unity/Hub/Editor/6000.0.59f2/Unity.app/Contents/MonoBleedingEdge/etc'
Using monoOptions --debugger-agent=transport=dt_socket,embedding=1,server=y,suspend=n,address=127.0.0.1:56354
Begin MonoManager ReloadAssembly
Registering precompiled unity dll's ...
Register platform support module: /Applications/Unity/Hub/Editor/6000.0.59f2/Unity.app/Contents/PlaybackEngines/MacStandaloneSupport/UnityEditor.OSXStandalone.Extensions.dll
Register platform support module: /Applications/Unity/Hub/Editor/6000.0.59f2/PlaybackEngines/AndroidPlayer/UnityEditor.Android.Extensions.dll
Registered in 0.003556 seconds.
- Loaded All Assemblies, in  0.448 seconds
Native extension for Android target not found
Unable to list connected devices. 
* daemon not running; starting now at tcp:5037
ADB server didn't ACK
Full server startup log: /var/folders/hl/pw_4304d6bz11270v8htzn080000gp/T//adb.502.log
Server had pid: 8364
--- adb starting (pid 8364) ---
02-03 16:04:46.794  8364 148465 I adb     : main.cpp:63 Android Debug Bridge version 1.0.41
02-03 16:04:46.794  8364 148465 I adb     : main.cpp:63 Version 34.0.5-10900879
02-03 16:04:46.794  8364 148465 I adb     : main.cpp:63 Installed as /Applications/Unity/Hub/Editor/6000.0.59f2/PlaybackEngines/AndroidPlayer/SDK/platform-tools/adb
02-03 16:04:46.794  8364 148465 I adb     : main.cpp:63 Running on Darwin 25.2.0 (arm64)
02-03 16:04:46.794  8364 148465 I adb     : main.cpp:63 
02-03 16:04:46.794  8365 148464 I adb     : main.cpp:63 Android Debug Bridge version 1.0.41
02-03 16:04:46.794  8365 148464 I adb     : main.cpp:63 Version 34.0.5-10900879
02-03 16:04:46.794  8365 148464 I adb     : main.cpp:63 Installed as /Applications/Unity/Hub/Editor/6000.0.59f2/PlaybackEngines/AndroidPlayer/SDK/platform-tools/adb
02-03 16:04:46.794  8365 148464 I adb     : main.cpp:63 Running on Darwin 25.2.0 (arm64)
02-03 16:04:46.794  8365 148464 I adb     : main.cpp:63 
02-03 16:04:46.799  8365 148464 I adb     : auth.cpp:416 adb_auth_init...
02-03 16:04:46.802  8365 148464 I adb     : auth.cpp:152 loaded new key from '/Users/Aaron/.android/adbkey' with fingerprint 59BEE30313D348CE7BDB52D1367F66B64D0243E5939110F7E4CAABCEE54FF800
02-03 16:04:47.311  8364 148465 F adb     : main.cpp:165 could not install *smartsocket* listener: Address already in use

* failed to start daemon
adb: failed to check server version: cannot connect to daemon

UnityEditor.Android.CommandInvokationFailure: Unable to list connected devices. 
/Applications/Unity/Hub/Editor/6000.0.59f2/PlaybackEngines/AndroidPlayer/SDK/platform-tools/adb devices

Environment Variables:
SSH_AUTH_SOCK = /private/tmp/com.apple.launchd.HvErzOkAWv/Listeners
XPC_FLAGS = 0x0
MallocNanoZone = 0
PATH = /usr/bin:/bin:/usr/sbin:/sbin
SHELL = /bin/zsh
HOME = /Users/Aaron
VIPSHOME = /Users/runner/work/sharp-libvips/sharp-libvips/target
TMPDIR = /var/folders/hl/pw_4304d6bz11270v8htzn080000gp/T/
__CFBundleIdentifier = com.unity3d.unityhub
USER = Aaron
__CF_USER_TEXT_ENCODING = 0x1F6:0x0:0x0
LOGNAME = Aaron
OSLogRateLimit = 64
XPC_SERVICE_NAME = application.com.unity3d.unityhub.43404099.43404105
COMMAND_MODE = unix2003


stderr[
* daemon not running; starting now at tcp:5037
ADB server didn't ACK
Full server startup log: /var/folders/hl/pw_4304d6bz11270v8htzn080000gp/T//adb.502.log
Server had pid: 8364
--- adb starting (pid 8364) ---
02-03 16:04:46.794  8364 148465 I adb     : main.cpp:63 Android Debug Bridge version 1.0.41
02-03 16:04:46.794  8364 148465 I adb     : main.cpp:63 Version 34.0.5-10900879
02-03 16:04:46.794  8364 148465 I adb     : main.cpp:63 Installed as /Applications/Unity/Hub/Editor/6000.0.59f2/PlaybackEngines/AndroidPlayer/SDK/platform-tools/adb
02-03 16:04:46.794  8364 148465 I adb     : main.cpp:63 Running on Darwin 25.2.0 (arm64)
02-03 16:04:46.794  8364 148465 I adb     : main.cpp:63 
02-03 16:04:46.794  8365 148464 I adb     : main.cpp:63 Android Debug Bridge version 1.0.41
02-03 16:04:46.794  8365 148464 I adb     : main.cpp:63 Version 34.0.5-10900879
02-03 16:04:46.794  8365 148464 I adb     : main.cpp:63 Installed as /Applications/Unity/Hub/Editor/6000.0.59f2/PlaybackEngines/AndroidPlayer/SDK/platform-tools/adb
02-03 16:04:46.794  8365 148464 I adb     : main.cpp:63 Running on Darwin 25.2.0 (arm64)
02-03 16:04:46.794  8365 148464 I adb     : main.cpp:63 
02-03 16:04:46.799  8365 148464 I adb     : auth.cpp:416 adb_auth_init...
02-03 16:04:46.802  8365 148464 I adb     : auth.cpp:152 loaded new key from '/Users/Aaron/.android/adbkey' with fingerprint 59BEE30313D348CE7BDB52D1367F66B64D0243E5939110F7E4CAABCEE54FF800
02-03 16:04:47.311  8364 148465 F adb     : main.cpp:165 could not install *smartsocket* listener: Address already in use

* failed to start daemon
adb: failed to check server version: cannot connect to daemon
]
stdout[

]
exit code: 1
  at UnityEditor.Android.Command.WaitForProgramToRun (UnityEditor.Utils.Program p, UnityEditor.Android.Command+WaitingForProcessToExit waitingForProcessToExit, System.String errorMsg) [0x00099] in /home/bokken/build/output/unity/unity/PlatformDependent/AndroidPlayer/Editor/Managed/Android/Command.cs:221 
  at UnityEditor.Android.Command.Run (System.Diagnostics.ProcessStartInfo psi, UnityEditor.Android.Command+WaitingForProcessToExit waitingForProcessToExit, System.String errorMsg) [0x00017] in /home/bokken/build/output/unity/unity/PlatformDependent/AndroidPlayer/Editor/Managed/Android/Command.cs:159 
  at UnityEditor.Android.Command.Run (System.String command, System.String args, System.String workingdir, UnityEditor.Android.Command+WaitingForProcessToExit waitingForProcessToExit, System.String errorMsg, System.Text.Encoding inputEncoding) [0x0000c] in /home/bokken/build/output/unity/unity/PlatformDependent/AndroidPlayer/Editor/Managed/Android/Command.cs:117 
  at UnityEditor.Android.ADB.RunInternal (System.String[] command, UnityEditor.Android.Command+WaitingForProcessToExit waitingForProcessToExit, System.String errorMsg) [0x00008] in /home/bokken/build/output/unity/unity/PlatformDependent/AndroidPlayer/Editor/Managed/Android/ADB.cs:223 
  at UnityEditor.Android.ADB.Run (System.String[] command, UnityEditor.Android.Command+WaitingForProcessToExit waitingForProcessToExit, System.String errorMsg) [0x00013] in /home/bokken/build/output/unity/unity/PlatformDependent/AndroidPlayer/Editor/Managed/Android/ADB.cs:216 
  at UnityEditor.Android.AndroidDeploymentTargetsExtension.GetKnownTargets (UnityEditor.DeploymentTargets.IDeploymentTargetsMainThreadContext context, UnityEditor.ProgressHandler progressHandler) [0x002a7] in /home/bokken/build/output/unity/unity/PlatformDependent/AndroidPlayer/Editor/Managed/DeploymentTargets/AndroidDeploymentTargetsExtension.cs:357 
UnityEngine.Debug:ExtractStackTraceNoAlloc (byte*,int,string)
UnityEngine.StackTraceUtility:ExtractStackTrace () (at /Users/bokken/build/output/unity/unity/Runtime/Export/Scripting/StackTrace.cs:35)
UnityEngine.DebugLogHandler:Internal_Log (UnityEngine.LogType,UnityEngine.LogOption,string,UnityEngine.Object)
UnityEngine.DebugLogHandler:LogFormat (UnityEngine.LogType,UnityEngine.Object,string,object[])
UnityEngine.Logger:Log (UnityEngine.LogType,object)
UnityEngine.Debug:LogWarning (object)
UnityEditor.Android.AndroidDeploymentTargetsExtension:GetKnownTargets (UnityEditor.DeploymentTargets.IDeploymentTargetsMainThreadContext,UnityEditor.ProgressHandler) (at /home/bokken/build/output/unity/unity/PlatformDependent/AndroidPlayer/Editor/Managed/DeploymentTargets/AndroidDeploymentTargetsExtension.cs:420)
UnityEditor.Android.TargetScanWorker:ScanSync () (at /home/bokken/build/output/unity/unity/PlatformDependent/AndroidPlayer/Editor/Managed/TargetScanWorker.cs:164)
UnityEditor.Android.TargetExtension:OnUsbDevicesChanged (UnityEditor.Hardware.UsbDevice[]) (at /home/bokken/build/output/unity/unity/PlatformDependent/AndroidPlayer/Editor/Managed/ExtensionModule.cs:106)
UnityEditor.Android.TargetExtension:OnLoad () (at /home/bokken/build/output/unity/unity/PlatformDependent/AndroidPlayer/Editor/Managed/ExtensionModule.cs:67)
UnityEditor.Modules.ModuleManager:InitializePlatformSupportModules () (at /Users/bokken/build/output/unity/unity/Editor/Mono/Modules/ModuleManager.cs:126)

(Filename: /home/bokken/build/output/unity/unity/PlatformDependent/AndroidPlayer/Editor/Managed/DeploymentTargets/AndroidDeploymentTargetsExtension.cs Line: 420)

Android Extension - Scanning For ADB Devices 937 ms
Native extension for OSXStandalone target not found
Mono: successfully reloaded assembly
- Finished resetting the current domain, in  1.319 seconds
Domain Reload Profiling: 1766ms
	BeginReloadAssembly (170ms)
		ExecutionOrderSort (0ms)
		DisableScriptedObjects (0ms)
		BackupInstance (0ms)
		ReleaseScriptingObjects (0ms)
		CreateAndSetChildDomain (1ms)
	RebuildCommonClasses (40ms)
	RebuildNativeTypeToScriptingClass (15ms)
	initialDomainReloadingComplete (48ms)
	LoadAllAssembliesAndSetupDomain (175ms)
		LoadAssemblies (172ms)
		RebuildTransferFunctionScriptingTraits (0ms)
		AnalyzeDomain (169ms)
			TypeCache.Refresh (167ms)
				TypeCache.ScanAssembly (150ms)
			BuildScriptInfoCaches (0ms)
			ResolveRequiredComponents (0ms)
	FinalizeReload (1319ms)
		ReleaseScriptCaches (0ms)
		RebuildScriptCaches (0ms)
		SetupLoadedEditorAssemblies (1285ms)
			LogAssemblyErrors (0ms)
			InitializePlatformSupportModulesInManaged (1019ms)
			SetLoadedEditorAssemblies (4ms)
			BeforeProcessingInitializeOnLoad (67ms)
			ProcessInitializeOnLoadAttributes (123ms)
			ProcessInitializeOnLoadMethodAttributes (72ms)
			AfterProcessingInitializeOnLoad (0ms)
			EditorAssembliesLoaded (0ms)
		ExecutionOrderSort2 (0ms)
		AwakeInstancesAfterBackupRestoration (0ms)
========================================================================
Worker process is ready to serve import requests
Import Worker Mode flag is 0x00
Begin MonoManager ReloadAssembly
- Loaded All Assemblies, in  0.423 seconds
Refreshing native plugins compatible for Editor in 0.28 ms, found 1 plugins.
Native extension for Android target not found
Native extension for OSXStandalone target not found
Refreshing native plugins compatible for Editor in 0.34 ms, found 1 plugins.
Mono: successfully reloaded assembly
- Finished resetting the current domain, in  0.354 seconds
Domain Reload Profiling: 777ms
	BeginReloadAssembly (140ms)
		ExecutionOrderSort (0ms)
		DisableScriptedObjects (5ms)
		BackupInstance (0ms)
		ReleaseScriptingObjects (0ms)
		CreateAndSetChildDomain (33ms)
	RebuildCommonClasses (42ms)
	RebuildNativeTypeToScriptingClass (14ms)
	initialDomainReloadingComplete (35ms)
	LoadAllAssembliesAndSetupDomain (191ms)
		LoadAssemblies (208ms)
		RebuildTransferFunctionScriptingTraits (0ms)
		AnalyzeDomain (41ms)
			TypeCache.Refresh (34ms)
				TypeCache.ScanAssembly (24ms)
			BuildScriptInfoCaches (3ms)
			ResolveRequiredComponents (2ms)
	FinalizeReload (354ms)
		ReleaseScriptCaches (0ms)
		RebuildScriptCaches (0ms)
		SetupLoadedEditorAssemblies (242ms)
			LogAssemblyErrors (0ms)
			InitializePlatformSupportModulesInManaged (9ms)
			SetLoadedEditorAssemblies (3ms)
			BeforeProcessingInitializeOnLoad (70ms)
			ProcessInitializeOnLoadAttributes (131ms)
			ProcessInitializeOnLoadMethodAttributes (27ms)
			AfterProcessingInitializeOnLoad (1ms)
			EditorAssembliesLoaded (0ms)
		ExecutionOrderSort2 (0ms)
		AwakeInstancesAfterBackupRestoration (3ms)
Launching external process: /Applications/Unity/Hub/Editor/6000.0.59f2/Unity.app/Contents/Tools/UnityShaderCompiler
Launched and connected shader compiler UnityShaderCompiler after 0.10 seconds
Refreshing native plugins compatible for Editor in 0.40 ms, found 1 plugins.
Preloading 0 native plugins for Editor in 0.00 ms.
Unloading 0 Unused Serialized files (Serialized files now loaded: 0)
Unloading 471 unused Assets / (68.5 KB). Loaded Objects now: 966.
Memory consumption went from 54.2 MB to 54.1 MB.
Total: 6.192458 ms (FindLiveObjects: 0.151750 ms CreateObjectMapping: 0.020208 ms MarkObjects: 5.862250 ms  DeleteObjects: 0.157584 ms)

========================================================================
Received Import Request.
  Time since last request: 7828.995086 seconds.
  path: Assets/Wiimote/Scripts/Wiimote.cs
  artifactKey: Guid(5463cc53d9e56334aabf1ad0fe825524) Importer(815301076,1909f56bfc062723c751e8b465ee728b)
Start importing Assets/Wiimote/Scripts/Wiimote.cs using Guid(5463cc53d9e56334aabf1ad0fe825524) Importer(815301076,1909f56bfc062723c751e8b465ee728b) (PreviewImporter) -> (artifact id: 'b9d02d900c4f5645e451a1fd421b133c') in 0.008159208 seconds
Number of updated asset objects reloaded before import = 0Number of asset objects unloaded after import = 0

========================================================================
Received Prepare
Refreshing native plugins compatible for Editor in 0.89 ms, found 1 plugins.
Preloading 0 native plugins for Editor in 0.00 ms.
Unloading 0 Unused Serialized files (Serialized files now loaded: 0)
Unloading 465 unused Assets / (15.4 KB). Loaded Objects now: 968.
Memory consumption went from 54.4 MB to 54.4 MB.
Total: 67.217334 ms (FindLiveObjects: 0.379875 ms CreateObjectMapping: 0.035708 ms MarkObjects: 66.528625 ms  DeleteObjects: 0.271583 ms)

Prepare: number of updated asset objects reloaded= 0
========================================================================
Received Import Request.
  Time since last request: 79.873101 seconds.
  path: Assets/Wiimote/Scripts/Wiimote.cs
  artifactKey: Guid(5463cc53d9e56334aabf1ad0fe825524) Importer(815301076,1909f56bfc062723c751e8b465ee728b)
Start importing Assets/Wiimote/Scripts/Wiimote.cs using Guid(5463cc53d9e56334aabf1ad0fe825524) Importer(815301076,1909f56bfc062723c751e8b465ee728b) (PreviewImporter) -> (artifact id: '0b2a7148fac36e3aae737ea86151463a') in 0.023974458 seconds
Number of updated asset objects reloaded before import = 0Number of asset objects unloaded after import = 0

========================================================================
Received Prepare
Refreshing native plugins compatible for Editor in 0.35 ms, found 1 plugins.
Preloading 0 native plugins for Editor in 0.00 ms.
Unloading 0 Unused Serialized files (Serialized files now loaded: 0)
Unloading 465 unused Assets / (15.4 KB). Loaded Objects now: 968.
Memory consumption went from 54.3 MB to 54.3 MB.
Total: 23.054792 ms (FindLiveObjects: 0.117916 ms CreateObjectMapping: 0.021542 ms MarkObjects: 22.765334 ms  DeleteObjects: 0.149250 ms)

Prepare: number of updated asset objects reloaded= 0
========================================================================
Received Import Request.
  Time since last request: 13.703594 seconds.
  path: Assets/Wiimote/Scripts/Wiimote.cs
  artifactKey: Guid(5463cc53d9e56334aabf1ad0fe825524) Importer(815301076,1909f56bfc062723c751e8b465ee728b)
Start importing Assets/Wiimote/Scripts/Wiimote.cs using Guid(5463cc53d9e56334aabf1ad0fe825524) Importer(815301076,1909f56bfc062723c751e8b465ee728b) (PreviewImporter) -> (artifact id: '70a9776bc94ca91de926140e75a291bd') in 0.025126792 seconds
Number of updated asset objects reloaded before import = 0Number of asset objects unloaded after import = 0

========================================================================
Received Prepare
Refreshing native plugins compatible for Editor in 0.37 ms, found 1 plugins.
Preloading 0 native plugins for Editor in 0.00 ms.
Unloading 0 Unused Serialized files (Serialized files now loaded: 0)
Unloading 465 unused Assets / (28.0 KB). Loaded Objects now: 968.
Memory consumption went from 54.3 MB to 54.3 MB.
Total: 25.686584 ms (FindLiveObjects: 0.156084 ms CreateObjectMapping: 0.022167 ms MarkObjects: 25.377375 ms  DeleteObjects: 0.130292 ms)

Prepare: number of updated asset objects reloaded= 0
========================================================================
Received Import Request.
  Time since last request: 28.091186 seconds.
  path: Assets/Wiimote/Scripts/Wiimote.cs
  artifactKey: Guid(5463cc53d9e56334aabf1ad0fe825524) Importer(815301076,1909f56bfc062723c751e8b465ee728b)
Start importing Assets/Wiimote/Scripts/Wiimote.cs using Guid(5463cc53d9e56334aabf1ad0fe825524) Importer(815301076,1909f56bfc062723c751e8b465ee728b) (PreviewImporter) -> (artifact id: 'ea6dd5e68d3a6bf9ca4e23f76c80d25c') in 0.001545042 seconds
Number of updated asset objects reloaded before import = 0Number of asset objects unloaded after import = 0

========================================================================
Received Prepare
Begin MonoManager ReloadAssembly
Thread 0x170a8f000 may have been prematurely finalized
- Loaded All Assemblies, in  1.005 seconds
Refreshing native plugins compatible for Editor in 0.91 ms, found 1 plugins.
Native extension for Android target not found
Native extension for OSXStandalone target not found
Refreshing native plugins compatible for Editor in 1.28 ms, found 1 plugins.
Mono: successfully reloaded assembly
- Finished resetting the current domain, in  0.780 seconds
Domain Reload Profiling: 1789ms
	BeginReloadAssembly (507ms)
		ExecutionOrderSort (0ms)
		DisableScriptedObjects (27ms)
		BackupInstance (0ms)
		ReleaseScriptingObjects (0ms)
		CreateAndSetChildDomain (181ms)
	RebuildCommonClasses (79ms)
	RebuildNativeTypeToScriptingClass (29ms)
	initialDomainReloadingComplete (65ms)
	LoadAllAssembliesAndSetupDomain (328ms)
		LoadAssemblies (464ms)
		RebuildTransferFunctionScriptingTraits (0ms)
		AnalyzeDomain (78ms)
			TypeCache.Refresh (28ms)
				TypeCache.ScanAssembly (1ms)
			BuildScriptInfoCaches (38ms)
			ResolveRequiredComponents (3ms)
	FinalizeReload (782ms)
		ReleaseScriptCaches (0ms)
		RebuildScriptCaches (0ms)
		SetupLoadedEditorAssemblies (514ms)
			LogAssemblyErrors (0ms)
			InitializePlatformSupportModulesInManaged (19ms)
			SetLoadedEditorAssemblies (9ms)
			BeforeProcessingInitializeOnLoad (173ms)
			ProcessInitializeOnLoadAttributes (254ms)
			ProcessInitializeOnLoadMethodAttributes (56ms)
			AfterProcessingInitializeOnLoad (2ms)
			EditorAssembliesLoaded (0ms)
		ExecutionOrderSort2 (0ms)
		AwakeInstancesAfterBackupRestoration (9ms)
Refreshing native plugins compatible for Editor in 0.59 ms, found 1 plugins.
Preloading 0 native plugins for Editor in 0.00 ms.
Unloading 0 Unused Serialized files (Serialized files now loaded: 0)
Unloading 469 unused Assets / (15.4 KB). Loaded Objects now: 968.
Memory consumption went from 59.9 MB to 59.9 MB.
Total: 9.024125 ms (FindLiveObjects: 0.328334 ms CreateObjectMapping: 0.141625 ms MarkObjects: 8.202584 ms  DeleteObjects: 0.349792 ms)

Prepare: number of updated asset objects reloaded= 0
========================================================================
Received Prepare
Begin MonoManager ReloadAssembly
Thread 0x170a8f000 may have been prematurely finalized
- Loaded All Assemblies, in  0.335 seconds
Refreshing native plugins compatible for Editor in 0.35 ms, found 1 plugins.
Native extension for Android target not found
Native extension for OSXStandalone target not found
Refreshing native plugins compatible for Editor in 0.45 ms, found 1 plugins.
Mono: successfully reloaded assembly
- Finished resetting the current domain, in  0.427 seconds
Domain Reload Profiling: 763ms
	BeginReloadAssembly (143ms)
		ExecutionOrderSort (0ms)
		DisableScriptedObjects (7ms)
		BackupInstance (0ms)
		ReleaseScriptingObjects (0ms)
		CreateAndSetChildDomain (29ms)
	RebuildCommonClasses (36ms)
	RebuildNativeTypeToScriptingClass (14ms)
	initialDomainReloadingComplete (17ms)
	LoadAllAssembliesAndSetupDomain (124ms)
		LoadAssemblies (164ms)
		RebuildTransferFunctionScriptingTraits (0ms)
		AnalyzeDomain (22ms)
			TypeCache.Refresh (6ms)
				TypeCache.ScanAssembly (0ms)
			BuildScriptInfoCaches (11ms)
			ResolveRequiredComponents (2ms)
	FinalizeReload (428ms)
		ReleaseScriptCaches (0ms)
		RebuildScriptCaches (0ms)
		SetupLoadedEditorAssemblies (305ms)
			LogAssemblyErrors (0ms)
			InitializePlatformSupportModulesInManaged (9ms)
			SetLoadedEditorAssemblies (7ms)
			BeforeProcessingInitializeOnLoad (79ms)
			ProcessInitializeOnLoadAttributes (172ms)
			ProcessInitializeOnLoadMethodAttributes (35ms)
			AfterProcessingInitializeOnLoad (1ms)
			EditorAssembliesLoaded (0ms)
		ExecutionOrderSort2 (0ms)
		AwakeInstancesAfterBackupRestoration (5ms)
Refreshing native plugins compatible for Editor in 0.46 ms, found 1 plugins.
Preloading 0 native plugins for Editor in 0.00 ms.
Unloading 0 Unused Serialized files (Serialized files now loaded: 0)
Unloading 469 unused Assets / (8.1 KB). Loaded Objects now: 968.
Memory consumption went from 59.8 MB to 59.8 MB.
Total: 9.484125 ms (FindLiveObjects: 0.117208 ms CreateObjectMapping: 0.044250 ms MarkObjects: 9.096916 ms  DeleteObjects: 0.224708 ms)

Prepare: number of updated asset objects reloaded= 0
========================================================================
Received Import Request.
  Time since last request: 302.653293 seconds.
  path: Assets/Wiimote/Scripts/Wiimote.cs
  artifactKey: Guid(5463cc53d9e56334aabf1ad0fe825524) Importer(2089858483,192608db42251d675da83286b1cce702)
Start importing Assets/Wiimote/Scripts/Wiimote.cs using Guid(5463cc53d9e56334aabf1ad0fe825524) Importer(2089858483,192608db42251d675da83286b1cce702) (ScriptedImporter) -> (artifact id: '1fd96ef0a69f5255a0a5e464d978bee9') in 0.171161291 seconds
Number of updated asset objects reloaded before import = 0Number of asset objects unloaded after import = 0

